[INFO] Scanning for projects...
[INFO] 
[INFO] ----------------------------< org.ly:Movie >----------------------------
[INFO] Building Movie 0.0.1-SNAPSHOT
[INFO]   from pom.xml
[INFO] --------------------------------[ jar ]---------------------------------
[INFO] 
[INFO] >>> spring-boot:3.4.5:run (default-cli) > test-compile @ Movie >>>
[INFO] 
[INFO] --- resources:3.3.1:resources (default-resources) @ Movie ---
[INFO] Copying 2 resources from src/main/resources to target/classes
[INFO] Copying 0 resource from src/main/resources to target/classes
[INFO] 
[INFO] --- compiler:3.13.0:compile (default-compile) @ Movie ---
[INFO] Nothing to compile - all classes are up to date.
[INFO] 
[INFO] --- resources:3.3.1:testResources (default-testResources) @ Movie ---
[INFO] skip non existing resourceDirectory /Users/rieder/FSU/求职/美国校招/CCGG/HW/Movie_Ticketing_System/Movie/src/test/resources
[INFO] 
[INFO] --- compiler:3.13.0:testCompile (default-testCompile) @ Movie ---
[INFO] Nothing to compile - all classes are up to date.
[INFO] 
[INFO] <<< spring-boot:3.4.5:run (default-cli) < test-compile @ Movie <<<
[INFO] 
[INFO] 
[INFO] --- spring-boot:3.4.5:run (default-cli) @ Movie ---
[INFO] Attaching agents: []

  .   ____          _            __ _ _
 /\\ / ___'_ __ _ _(_)_ __  __ _ \ \ \ \
( ( )\___ | '_ | '_| | '_ \/ _` | \ \ \ \
 \\/  ___)| |_)| | | | | || (_| |  ) ) ) )
  '  |____| .__|_| |_|_| |_\__, | / / / /
 =========|_|==============|___/=/_/_/_/

 :: Spring Boot ::                (v3.4.5)

2025-05-18T15:56:46.927-07:00  INFO 10508 --- [Movie] [  restartedMain] org.ly.movie.MovieApplication            : Starting MovieApplication using Java 23.0.2 with PID 10508 (/Users/rieder/FSU/求职/美国校招/CCGG/HW/Movie_Ticketing_System/Movie/target/classes started by rieder in /Users/rieder/FSU/求职/美国校招/CCGG/HW/Movie_Ticketing_System/Movie)
2025-05-18T15:56:46.928-07:00 DEBUG 10508 --- [Movie] [  restartedMain] org.ly.movie.MovieApplication            : Running with Spring Boot v3.4.5, Spring v6.2.6
2025-05-18T15:56:46.929-07:00  INFO 10508 --- [Movie] [  restartedMain] org.ly.movie.MovieApplication            : No active profile set, falling back to 1 default profile: "default"
2025-05-18T15:56:46.954-07:00  INFO 10508 --- [Movie] [  restartedMain] .e.DevToolsPropertyDefaultsPostProcessor : Devtools property defaults active! Set 'spring.devtools.add-properties' to 'false' to disable
2025-05-18T15:56:46.954-07:00  INFO 10508 --- [Movie] [  restartedMain] .e.DevToolsPropertyDefaultsPostProcessor : For additional web related logging consider setting the 'logging.level.web' property to 'DEBUG'
2025-05-18T15:56:47.341-07:00  INFO 10508 --- [Movie] [  restartedMain] .s.d.r.c.RepositoryConfigurationDelegate : Bootstrapping Spring Data JPA repositories in DEFAULT mode.
2025-05-18T15:56:47.376-07:00  INFO 10508 --- [Movie] [  restartedMain] .s.d.r.c.RepositoryConfigurationDelegate : Finished Spring Data repository scanning in 30 ms. Found 7 JPA repository interfaces.
2025-05-18T15:56:47.705-07:00  INFO 10508 --- [Movie] [  restartedMain] o.s.b.w.embedded.tomcat.TomcatWebServer  : Tomcat initialized with port 8080 (http)
2025-05-18T15:56:47.720-07:00  INFO 10508 --- [Movie] [  restartedMain] o.apache.catalina.core.StandardService   : Starting service [Tomcat]
2025-05-18T15:56:47.721-07:00  INFO 10508 --- [Movie] [  restartedMain] o.apache.catalina.core.StandardEngine    : Starting Servlet engine: [Apache Tomcat/10.1.40]
2025-05-18T15:56:47.740-07:00  INFO 10508 --- [Movie] [  restartedMain] o.a.c.c.C.[Tomcat].[localhost].[/]       : Initializing Spring embedded WebApplicationContext
2025-05-18T15:56:47.740-07:00  INFO 10508 --- [Movie] [  restartedMain] w.s.c.ServletWebServerApplicationContext : Root WebApplicationContext: initialization completed in 785 ms
2025-05-18T15:56:47.830-07:00  INFO 10508 --- [Movie] [  restartedMain] o.hibernate.jpa.internal.util.LogHelper  : HHH000204: Processing PersistenceUnitInfo [name: default]
2025-05-18T15:56:47.863-07:00  INFO 10508 --- [Movie] [  restartedMain] org.hibernate.Version                    : HHH000412: Hibernate ORM core version 6.6.13.Final
2025-05-18T15:56:47.882-07:00  INFO 10508 --- [Movie] [  restartedMain] o.h.c.internal.RegionFactoryInitiator    : HHH000026: Second-level cache disabled
2025-05-18T15:56:48.035-07:00  INFO 10508 --- [Movie] [  restartedMain] o.s.o.j.p.SpringPersistenceUnitInfo      : No LoadTimeWeaver setup: ignoring JPA class transformer
2025-05-18T15:56:48.055-07:00  INFO 10508 --- [Movie] [  restartedMain] com.zaxxer.hikari.HikariDataSource       : HikariPool-1 - Starting...
2025-05-18T15:56:48.175-07:00  INFO 10508 --- [Movie] [  restartedMain] com.zaxxer.hikari.pool.HikariPool        : HikariPool-1 - Added connection com.mysql.cj.jdbc.ConnectionImpl@1b39255
2025-05-18T15:56:48.176-07:00  INFO 10508 --- [Movie] [  restartedMain] com.zaxxer.hikari.HikariDataSource       : HikariPool-1 - Start completed.
2025-05-18T15:56:48.211-07:00  WARN 10508 --- [Movie] [  restartedMain] org.hibernate.orm.deprecation            : HHH90000025: MySQLDialect does not need to be specified explicitly using 'hibernate.dialect' (remove the property setting and it will be selected by default)
2025-05-18T15:56:48.221-07:00  INFO 10508 --- [Movie] [  restartedMain] org.hibernate.orm.connections.pooling    : HHH10001005: Database info:
	Database JDBC URL [Connecting through datasource 'HikariDataSource (HikariPool-1)']
	Database driver: undefined/unknown
	Database version: 8.0.29
	Autocommit mode: undefined/unknown
	Isolation level: undefined/unknown
	Minimum pool size: undefined/unknown
	Maximum pool size: undefined/unknown
2025-05-18T15:56:48.734-07:00  INFO 10508 --- [Movie] [  restartedMain] o.h.e.t.j.p.i.JtaPlatformInitiator       : HHH000489: No JTA platform available (set 'hibernate.transaction.jta.platform' to enable JTA platform integration)
2025-05-18T15:56:48.795-07:00  INFO 10508 --- [Movie] [  restartedMain] j.LocalContainerEntityManagerFactoryBean : Initialized JPA EntityManagerFactory for persistence unit 'default'
2025-05-18T15:56:49.023-07:00  WARN 10508 --- [Movie] [  restartedMain] JpaBaseConfiguration$JpaWebConfiguration : spring.jpa.open-in-view is enabled by default. Therefore, database queries may be performed during view rendering. Explicitly configure spring.jpa.open-in-view to disable this warning
2025-05-18T15:56:49.041-07:00  WARN 10508 --- [Movie] [  restartedMain] .s.s.UserDetailsServiceAutoConfiguration : 

Using generated security password: 1222471f-9c53-4935-9192-501cfd696b88

This generated password is for development use only. Your security configuration must be updated before running your application in production.

2025-05-18T15:56:49.058-07:00  INFO 10508 --- [Movie] [  restartedMain] r$InitializeUserDetailsManagerConfigurer : Global AuthenticationManager configured with UserDetailsService bean with name inMemoryUserDetailsManager
2025-05-18T15:56:49.311-07:00  WARN 10508 --- [Movie] [  restartedMain] o.s.b.d.a.OptionalLiveReloadServer       : Unable to start LiveReload server
2025-05-18T15:56:49.322-07:00  WARN 10508 --- [Movie] [  restartedMain] ConfigServletWebServerApplicationContext : Exception encountered during context initialization - cancelling refresh attempt: org.springframework.context.ApplicationContextException: Failed to start bean 'webServerStartStop'
2025-05-18T15:56:49.324-07:00  INFO 10508 --- [Movie] [  restartedMain] j.LocalContainerEntityManagerFactoryBean : Closing JPA EntityManagerFactory for persistence unit 'default'
2025-05-18T15:56:49.325-07:00  INFO 10508 --- [Movie] [  restartedMain] com.zaxxer.hikari.HikariDataSource       : HikariPool-1 - Shutdown initiated...
2025-05-18T15:56:49.329-07:00  INFO 10508 --- [Movie] [  restartedMain] com.zaxxer.hikari.HikariDataSource       : HikariPool-1 - Shutdown completed.
2025-05-18T15:56:49.336-07:00  INFO 10508 --- [Movie] [  restartedMain] .s.b.a.l.ConditionEvaluationReportLogger : 

Error starting ApplicationContext. To display the condition evaluation report re-run your application with 'debug' enabled.
2025-05-18T15:56:49.344-07:00 ERROR 10508 --- [Movie] [  restartedMain] o.s.b.d.LoggingFailureAnalysisReporter   : 

***************************
APPLICATION FAILED TO START
***************************

Description:

Web server failed to start. Port 8080 was already in use.

Action:

Identify and stop the process that's listening on port 8080 or configure this application to listen on another port.

[INFO] ------------------------------------------------------------------------
[INFO] BUILD SUCCESS
[INFO] ------------------------------------------------------------------------
[INFO] Total time:  3.630 s
[INFO] Finished at: 2025-05-18T15:56:49-07:00
[INFO] ------------------------------------------------------------------------
